# JRE version: Java(TM) SE Runtime Environment (8.0_202-b08) (build 1.8.0_202-b08)
# Java VM: Java HotSpot(TM) Client VM (25.202-b08 mixed mode windows-x86 )
Heap:
 def new generation   total 30336K, used 23434K [0x07c00000, 0x09ce0000, 0x126a0000)
  eden space 27008K,  83% used [0x07c00000, 0x09211590, 0x09660000)
  from space 3328K,  25% used [0x099a0000, 0x09a715b8, 0x09ce0000)
  to   space 3328K,   0% used [0x09660000, 0x09660000, 0x099a0000)
 tenured generation   total 67072K, used 37254K [0x126a0000, 0x16820000, 0x27c00000)
   the space 67072K,  55% used [0x126a0000, 0x14b01840, 0x14b01a00, 0x16820000)
 Metaspace       used 30520K, capacity 33176K, committed 33280K, reserved 34176K
GC Heap History (10 events):
Event: 844.130 GC heap before
{Heap before GC invocations=102 (full 8):
 def new generation   total 30336K, used 27008K [0x07c00000, 0x09ce0000, 0x126a0000)
  eden space 27008K, 100% used [0x07c00000, 0x09660000, 0x09660000)
  from space 3328K,   0% used [0x09660000, 0x09660000, 0x099a0000)
  to   space 3328K,   0% used [0x099a0000, 0x099a0000, 0x09ce0000)
 tenured generation   total 67072K, used 37254K [0x126a0000, 0x16820000, 0x27c00000)
   the space 67072K,  55% used [0x126a0000, 0x14b01840, 0x14b01a00, 0x16820000)
 Metaspace       used 30413K, capacity 33009K, committed 33152K, reserved 33152K
Event: 844.148 GC heap after
Heap after GC invocations=103 (full 8):
 def new generation   total 30336K, used 1021K [0x07c00000, 0x09ce0000, 0x126a0000)
  eden space 27008K,   0% used [0x07c00000, 0x07c00000, 0x09660000)
  from space 3328K,  30% used [0x099a0000, 0x09a9f710, 0x09ce0000)
  to   space 3328K,   0% used [0x09660000, 0x09660000, 0x099a0000)
 tenured generation   total 67072K, used 37254K [0x126a0000, 0x16820000, 0x27c00000)
   the space 67072K,  55% used [0x126a0000, 0x14b01840, 0x14b01a00, 0x16820000)
 Metaspace       used 30413K, capacity 33009K, committed 33152K, reserved 33152K
}
Event: 1086.911 GC heap before
{Heap before GC invocations=103 (full 8):
 def new generation   total 30336K, used 28029K [0x07c00000, 0x09ce0000, 0x126a0000)
  eden space 27008K, 100% used [0x07c00000, 0x09660000, 0x09660000)
  from space 3328K,  30% used [0x099a0000, 0x09a9f710, 0x09ce0000)
  to   space 3328K,   0% used [0x09660000, 0x09660000, 0x099a0000)
 tenured generation   total 67072K, used 37254K [0x126a0000, 0x16820000, 0x27c00000)
   the space 67072K,  55% used [0x126a0000, 0x14b01840, 0x14b01a00, 0x16820000)
 Metaspace       used 30413K, capacity 33009K, committed 33152K, reserved 33152K
Event: 1086.973 GC heap after
Heap after GC invocations=104 (full 8):
 def new generation   total 30336K, used 942K [0x07c00000, 0x09ce0000, 0x126a0000)
  eden space 27008K,   0% used [0x07c00000, 0x07c00000, 0x09660000)
  from space 3328K,  28% used [0x09660000, 0x0974b870, 0x099a0000)
  to   space 3328K,   0% used [0x099a0000, 0x099a0000, 0x09ce0000)
 tenured generation   total 67072K, used 37254K [0x126a0000, 0x16820000, 0x27c00000)
   the space 67072K,  55% used [0x126a0000, 0x14b01840, 0x14b01a00, 0x16820000)
 Metaspace       used 30413K, capacity 33009K, committed 33152K, reserved 33152K
}
Event: 1337.456 GC heap before
{Heap before GC invocations=104 (full 8):
 def new generation   total 30336K, used 27950K [0x07c00000, 0x09ce0000, 0x126a0000)
  eden space 27008K, 100% used [0x07c00000, 0x09660000, 0x09660000)
  from space 3328K,  28% used [0x09660000, 0x0974b870, 0x099a0000)
  to   space 3328K,   0% used [0x099a0000, 0x099a0000, 0x09ce0000)
 tenured generation   total 67072K, used 37254K [0x126a0000, 0x16820000, 0x27c00000)
   the space 67072K,  55% used [0x126a0000, 0x14b01840, 0x14b01a00, 0x16820000)
 Metaspace       used 30413K, capacity 33009K, committed 33152K, reserved 33152K
Event: 1337.462 GC heap after
Heap after GC invocations=105 (full 8):
 def new generation   total 30336K, used 836K [0x07c00000, 0x09ce0000, 0x126a0000)
  eden space 27008K,   0% used [0x07c00000, 0x07c00000, 0x09660000)
  from space 3328K,  25% used [0x099a0000, 0x09a711c0, 0x09ce0000)
  to   space 3328K,   0% used [0x09660000, 0x09660000, 0x099a0000)
 tenured generation   total 67072K, used 37254K [0x126a0000, 0x16820000, 0x27c00000)
   the space 67072K,  55% used [0x126a0000, 0x14b01840, 0x14b01a00, 0x16820000)
 Metaspace       used 30413K, capacity 33009K, committed 33152K, reserved 33152K
}
Event: 1591.911 GC heap before
{Heap before GC invocations=105 (full 8):
 def new generation   total 30336K, used 27844K [0x07c00000, 0x09ce0000, 0x126a0000)
  eden space 27008K, 100% used [0x07c00000, 0x09660000, 0x09660000)
  from space 3328K,  25% used [0x099a0000, 0x09a711c0, 0x09ce0000)
  to   space 3328K,   0% used [0x09660000, 0x09660000, 0x099a0000)
 tenured generation   total 67072K, used 37254K [0x126a0000, 0x16820000, 0x27c00000)
   the space 67072K,  55% used [0x126a0000, 0x14b01840, 0x14b01a00, 0x16820000)
 Metaspace       used 30413K, capacity 33009K, committed 33152K, reserved 33152K
Event: 1591.928 GC heap after
Heap after GC invocations=106 (full 8):
 def new generation   total 30336K, used 837K [0x07c00000, 0x09ce0000, 0x126a0000)
  eden space 27008K,   0% used [0x07c00000, 0x07c00000, 0x09660000)
  from space 3328K,  25% used [0x09660000, 0x09731460, 0x099a0000)
  to   space 3328K,   0% used [0x099a0000, 0x099a0000, 0x09ce0000)
 tenured generation   total 67072K, used 37254K [0x126a0000, 0x16820000, 0x27c00000)
   the space 67072K,  55% used [0x126a0000, 0x14b01840, 0x14b01a00, 0x16820000)
 Metaspace       used 30413K, capacity 33009K, committed 33152K, reserved 33152K
}
Event: 1846.593 GC heap before
{Heap before GC invocations=106 (full 8):
 def new generation   total 30336K, used 27845K [0x07c00000, 0x09ce0000, 0x126a0000)
  eden space 27008K, 100% used [0x07c00000, 0x09660000, 0x09660000)
  from space 3328K,  25% used [0x09660000, 0x09731460, 0x099a0000)
  to   space 3328K,   0% used [0x099a0000, 0x099a0000, 0x09ce0000)
 tenured generation   total 67072K, used 37254K [0x126a0000, 0x16820000, 0x27c00000)
   the space 67072K,  55% used [0x126a0000, 0x14b01840, 0x14b01a00, 0x16820000)
 Metaspace       used 30413K, capacity 33009K, committed 33152K, reserved 33152K
Event: 1846.601 GC heap after
Heap after GC invocations=107 (full 8):
 def new generation   total 30336K, used 837K [0x07c00000, 0x09ce0000, 0x126a0000)
  eden space 27008K,   0% used [0x07c00000, 0x07c00000, 0x09660000)
  from space 3328K,  25% used [0x099a0000, 0x09a715b8, 0x09ce0000)
  to   space 3328K,   0% used [0x09660000, 0x09660000, 0x099a0000)
 tenured generation   total 67072K, used 37254K [0x126a0000, 0x16820000, 0x27c00000)
   the space 67072K,  55% used [0x126a0000, 0x14b01840, 0x14b01a00, 0x16820000)
 Metaspace       used 30413K, capacity 33009K, committed 33152K, reserved 33152K
}

